2023-01-08 17:06:47,315 - root - INFO -  
        CPU 사용                :	 3 코어
        프로그램 실행주기        :	 5 초
    
2023-01-08 17:07:42,122 - root - INFO -  
        CPU 사용                :	 3 코어
        프로그램 실행주기        :	 5 초
    
2023-01-08 17:07:47,123 - root - INFO -  멀티프로세스가 시작됩니다. 
2023-01-08 17:07:50,983 - root - INFO -  멀티프로세스가 종료되었습니다. 
2023-01-08 17:07:50,983 - root - INFO - --- 3.8605618476867676 seconds ---
2023-01-08 17:07:55,984 - root - INFO -  멀티프로세스가 시작됩니다. 
2023-01-08 17:07:56,696 - root - INFO -  멀티프로세스가 종료되었습니다. 
2023-01-08 17:07:56,697 - root - INFO - --- 0.7125308513641357 seconds ---
2023-01-08 17:08:01,697 - root - INFO -  멀티프로세스가 시작됩니다. 
2023-01-08 17:08:02,419 - root - INFO -  멀티프로세스가 종료되었습니다. 
2023-01-08 17:08:02,420 - root - INFO - --- 0.7218332290649414 seconds ---
2023-01-08 17:08:07,420 - root - INFO -  멀티프로세스가 시작됩니다. 
2023-01-08 17:08:08,091 - root - INFO -  멀티프로세스가 종료되었습니다. 
2023-01-08 17:08:08,092 - root - INFO - --- 0.6714551448822021 seconds ---
2023-01-08 17:08:13,092 - root - INFO -  멀티프로세스가 시작됩니다. 
2023-01-08 17:08:13,804 - root - INFO -  멀티프로세스가 종료되었습니다. 
2023-01-08 17:08:13,804 - root - INFO - --- 0.7117750644683838 seconds ---
2023-01-08 17:08:18,805 - root - INFO -  멀티프로세스가 시작됩니다. 
2023-01-08 17:08:19,467 - root - INFO -  멀티프로세스가 종료되었습니다. 
2023-01-08 17:08:19,468 - root - INFO - --- 0.6625888347625732 seconds ---
